# JRE version: Java(TM) SE Runtime Environment (8.0_91-b14) (build 1.8.0_91-b14)
# Java VM: Java HotSpot(TM) 64-Bit Server VM (25.91-b14 mixed mode linux-amd64 compressed oops)
Heap:
 PSYoungGen      total 36864K, used 8320K [0x00000000d6b00000, 0x00000000dae80000, 0x0000000100000000)
  eden space 31744K, 10% used [0x00000000d6b00000,0x00000000d6e20a20,0x00000000d8a00000)
  from space 5120K, 99% used [0x00000000d8a00000,0x00000000d8eff608,0x00000000d8f00000)
  to   space 5120K, 0% used [0x00000000da980000,0x00000000da980000,0x00000000dae80000)
 ParOldGen       total 84992K, used 30295K [0x0000000084000000, 0x0000000089300000, 0x00000000d6b00000)
  object space 84992K, 35% used [0x0000000084000000,0x0000000085d95c90,0x0000000089300000)
 Metaspace       used 14098K, capacity 14600K, committed 14848K, reserved 1062912K
  class space    used 1856K, capacity 2019K, committed 2048K, reserved 1048576K
GC Heap History (6 events):
Event: 0,686 GC heap before
{Heap before GC invocations=1 (full 0):
 PSYoungGen      total 36864K, used 29689K [0x00000000d6b00000, 0x00000000d9400000, 0x0000000100000000)
  eden space 31744K, 93% used [0x00000000d6b00000,0x00000000d87fe618,0x00000000d8a00000)
  from space 5120K, 0% used [0x00000000d8f00000,0x00000000d8f00000,0x00000000d9400000)
  to   space 5120K, 0% used [0x00000000d8a00000,0x00000000d8a00000,0x00000000d8f00000)
 ParOldGen       total 84992K, used 0K [0x0000000084000000, 0x0000000089300000, 0x00000000d6b00000)
  object space 84992K, 0% used [0x0000000084000000,0x0000000084000000,0x0000000089300000)
 Metaspace       used 10048K, capacity 10354K, committed 10496K, reserved 1058816K
  class space    used 1380K, capacity 1498K, committed 1536K, reserved 1048576K
Event: 0,695 GC heap after
Heap after GC invocations=1 (full 0):
 PSYoungGen      total 36864K, used 5088K [0x00000000d6b00000, 0x00000000db300000, 0x0000000100000000)
  eden space 31744K, 0% used [0x00000000d6b00000,0x00000000d6b00000,0x00000000d8a00000)
  from space 5120K, 99% used [0x00000000d8a00000,0x00000000d8ef8370,0x00000000d8f00000)
  to   space 5120K, 0% used [0x00000000dae00000,0x00000000dae00000,0x00000000db300000)
 ParOldGen       total 84992K, used 6987K [0x0000000084000000, 0x0000000089300000, 0x00000000d6b00000)
  object space 84992K, 8% used [0x0000000084000000,0x00000000846d2fa0,0x0000000089300000)
 Metaspace       used 10048K, capacity 10354K, committed 10496K, reserved 1058816K
  class space    used 1380K, capacity 1498K, committed 1536K, reserved 1048576K
}
Event: 7,452 GC heap before
{Heap before GC invocations=2 (full 0):
 PSYoungGen      total 36864K, used 36312K [0x00000000d6b00000, 0x00000000db300000, 0x0000000100000000)
  eden space 31744K, 98% used [0x00000000d6b00000,0x00000000d897dd70,0x00000000d8a00000)
  from space 5120K, 99% used [0x00000000d8a00000,0x00000000d8ef8370,0x00000000d8f00000)
  to   space 5120K, 0% used [0x00000000dae00000,0x00000000dae00000,0x00000000db300000)
 ParOldGen       total 84992K, used 6987K [0x0000000084000000, 0x0000000089300000, 0x00000000d6b00000)
  object space 84992K, 8% used [0x0000000084000000,0x00000000846d2fa0,0x0000000089300000)
 Metaspace       used 13659K, capacity 14206K, committed 14336K, reserved 1060864K
  class space    used 1855K, capacity 2018K, committed 2048K, reserved 1048576K
Event: 7,460 GC heap after
Heap after GC invocations=2 (full 0):
 PSYoungGen      total 36864K, used 5097K [0x00000000d6b00000, 0x00000000db300000, 0x0000000100000000)
  eden space 31744K, 0% used [0x00000000d6b00000,0x00000000d6b00000,0x00000000d8a00000)
  from space 5120K, 99% used [0x00000000dae00000,0x00000000db2fa5d8,0x00000000db300000)
  to   space 5120K, 0% used [0x00000000d8a00000,0x00000000d8a00000,0x00000000d8f00000)
 ParOldGen       total 84992K, used 22427K [0x0000000084000000, 0x0000000089300000, 0x00000000d6b00000)
  object space 84992K, 26% used [0x0000000084000000,0x00000000855e6f60,0x0000000089300000)
 Metaspace       used 13659K, capacity 14206K, committed 14336K, reserved 1060864K
  class space    used 1855K, capacity 2018K, committed 2048K, reserved 1048576K
}
Event: 52,173 GC heap before
{Heap before GC invocations=3 (full 0):
 PSYoungGen      total 36864K, used 35128K [0x00000000d6b00000, 0x00000000db300000, 0x0000000100000000)
  eden space 31744K, 94% used [0x00000000d6b00000,0x00000000d8853b98,0x00000000d8a00000)
  from space 5120K, 99% used [0x00000000dae00000,0x00000000db2fa5d8,0x00000000db300000)
  to   space 5120K, 0% used [0x00000000d8a00000,0x00000000d8a00000,0x00000000d8f00000)
 ParOldGen       total 84992K, used 22427K [0x0000000084000000, 0x0000000089300000, 0x00000000d6b00000)
  object space 84992K, 26% used [0x0000000084000000,0x00000000855e6f60,0x0000000089300000)
 Metaspace       used 14095K, capacity 14600K, committed 14848K, reserved 1062912K
  class space    used 1856K, capacity 2019K, committed 2048K, reserved 1048576K
Event: 52,179 GC heap after
Heap after GC invocations=3 (full 0):
 PSYoungGen      total 36864K, used 5117K [0x00000000d6b00000, 0x00000000dae80000, 0x0000000100000000)
  eden space 31744K, 0% used [0x00000000d6b00000,0x00000000d6b00000,0x00000000d8a00000)
  from space 5120K, 99% used [0x00000000d8a00000,0x00000000d8eff608,0x00000000d8f00000)
  to   space 5120K, 0% used [0x00000000da980000,0x00000000da980000,0x00000000dae80000)
 ParOldGen       total 84992K, used 30295K [0x0000000084000000, 0x0000000089300000, 0x00000000d6b00000)
  object space 84992K, 35% used [0x0000000084000000,0x0000000085d95c90,0x0000000089300000)
 Metaspace       used 14095K, capacity 14600K, committed 14848K, reserved 1062912K
  class space    used 1856K, capacity 2019K, committed 2048K, reserved 1048576K
}

